(node:5351) Warning: Accessing non-existent property 'padLevels' of module exports inside circular dependency
(Use `node --trace-warnings ...` to show where the warning was created)
server is working!
listening on port 9000
params { id: '1' }
params { id: '1' }
params { id: '1' }
params { id: '1' }
params { id: '1' }
params { id: '1' }
params { id: '1' }
params { id: '1' }
params { id: '1' }
params { id: '1' }
params { id: '1' }
params { id: '1' }
params { id: '5' }
params { id: '5' }
params { id: '1' }
params { id: '1' }
params { id: '1' }
params { id: '1' }
params { id: '1' }
params { id: '1' }
params { id: '1' }
params { id: '1' }
params { id: '1' }
params { id: '1' }
params { id: '1' }
params { id: '1' }
params { id: '1' }
params { id: '1' }
params { id: '1' }
params { id: '1' }
params { id: '1' }
params { id: '1' }
params { id: '1' }
params { id: '1' }
params { id: '1' }
params { id: '1' }
params { id: '1' }
params { id: '1' }
params { id: '1' }
params { id: '1' }
params { id: '1' }
params { id: '1' }
params { id: '1' }
params { id: '1' }
