0 info it worked if it ends with ok
1 verbose cli [ '/usr/bin/node', '/usr/bin/npm', 'install' ]
2 info using npm@6.14.7
3 info using node@v14.7.0
4 verbose npm-session e2c8024d933305bc
5 silly install runPreinstallTopLevelLifecycles
6 silly install loadCurrentTree
7 silly install readLocalPackageData
8 timing stage:rollbackFailedOptional Completed in 2ms
9 timing stage:runTopLevelLifecycles Completed in 45ms
10 verbose stack Error: Failed to parse json
10 verbose stack Unexpected token } in JSON at position 203 while parsing near '...emon server.js",
10 verbose stack
10 verbose stack   },
10 verbose stack   "dependencies":...'
10 verbose stack     at parseError (/usr/lib/node_modules/npm/node_modules/read-package-json/read-json.js:470:11)
10 verbose stack     at parseJson (/usr/lib/node_modules/npm/node_modules/read-package-json/read-json.js:105:26)
10 verbose stack     at /usr/lib/node_modules/npm/node_modules/read-package-json/read-json.js:52:5
10 verbose stack     at /usr/lib/node_modules/npm/node_modules/graceful-fs/graceful-fs.js:123:16
10 verbose stack     at FSReqCallback.readFileAfterClose [as oncomplete] (internal/fs/read_file_context.js:63:3)
11 verbose cwd /home/ubuntu/carousel-module-proxy
12 verbose Linux 5.3.0-1023-aws
13 verbose argv "/usr/bin/node" "/usr/bin/npm" "install"
14 verbose node v14.7.0
15 verbose npm  v6.14.7
16 error code EJSONPARSE
17 error file /home/ubuntu/carousel-module-proxy/package.json
18 error JSON.parse Failed to parse json
18 error JSON.parse Unexpected token } in JSON at position 203 while parsing near '...emon server.js",
18 error JSON.parse
18 error JSON.parse   },
18 error JSON.parse   "dependencies":...'
19 error JSON.parse Failed to parse package.json data.
19 error JSON.parse package.json must be actual JSON, not just JavaScript.
20 verbose exit [ 1, true ]
