0 info it worked if it ends with ok
1 verbose cli [ '/usr/bin/node', '/usr/bin/npm', 'run', 'server-dev' ]
2 info using npm@6.14.7
3 info using node@v14.7.0
4 verbose stack Error: Failed to parse json
4 verbose stack Unexpected token } in JSON at position 203 while parsing near '...emon server.js",
4 verbose stack
4 verbose stack   },
4 verbose stack   "dependencies":...'
4 verbose stack     at parseError (/usr/lib/node_modules/npm/node_modules/read-package-json/read-json.js:470:11)
4 verbose stack     at parseJson (/usr/lib/node_modules/npm/node_modules/read-package-json/read-json.js:105:26)
4 verbose stack     at /usr/lib/node_modules/npm/node_modules/read-package-json/read-json.js:52:5
4 verbose stack     at /usr/lib/node_modules/npm/node_modules/graceful-fs/graceful-fs.js:123:16
4 verbose stack     at FSReqCallback.readFileAfterClose [as oncomplete] (internal/fs/read_file_context.js:63:3)
5 verbose cwd /home/ubuntu/carousel-module-proxy
6 verbose Linux 5.3.0-1023-aws
7 verbose argv "/usr/bin/node" "/usr/bin/npm" "run" "server-dev"
8 verbose node v14.7.0
9 verbose npm  v6.14.7
10 error code EJSONPARSE
11 error file /home/ubuntu/carousel-module-proxy/package.json
12 error JSON.parse Failed to parse json
12 error JSON.parse Unexpected token } in JSON at position 203 while parsing near '...emon server.js",
12 error JSON.parse
12 error JSON.parse   },
12 error JSON.parse   "dependencies":...'
13 error JSON.parse Failed to parse package.json data.
13 error JSON.parse package.json must be actual JSON, not just JavaScript.
14 verbose exit [ 1, true ]
